<?xml version="1.0" encoding="UTF-8"?>
<!-- Generated by org.testng.reporters.JUnitReportReporter -->
<testsuite hostname="Tufail-Vivo" failures="0" tests="1" name="appium.GeneralStore.GeneralStoreHomePage" time="63.061" errors="0" timestamp="2020-07-18T13:17:24 EDT" skipped="0">
  <testcase classname="appium.GeneralStore.GeneralStoreHomePage" name="TotalValidation" time="63.061"/>
  <system-out/>
</testsuite> <!-- appium.GeneralStore.GeneralStoreHomePage -->
