<?xml version="1.0" encoding="UTF-8"?>
<!-- Generated by org.testng.reporters.JUnitReportReporter -->
<testsuite hostname="Tufail-Vivo" failures="0" tests="1" name="appium.GeneralStore.validatingCheckOutPage" time="59.172" errors="0" timestamp="2020-07-18T13:17:24 EDT" skipped="0">
  <testcase classname="appium.GeneralStore.validatingCheckOutPage" name="checkOutValidation" time="59.172"/>
  <system-out/>
</testsuite> <!-- appium.GeneralStore.validatingCheckOutPage -->
