<?xml version="1.0" encoding="UTF-8"?>
<!-- Generated by org.testng.reporters.JUnitReportReporter -->
<testsuite hostname="Tufail-Vivo" failures="0" tests="1" name="appium.GeneralStore.GeneralStoreHomePage" time="63.052" errors="0" timestamp="2020-07-19T20:27:16 EDT" skipped="0">
  <testcase classname="appium.GeneralStore.GeneralStoreHomePage" name="TotalValidation" time="63.052"/>
  <system-out/>
</testsuite> <!-- appium.GeneralStore.GeneralStoreHomePage -->
